\BOOKMARK [1][-]{section.1}{Introduction}{}% 1
\BOOKMARK [1][-]{section.2}{Related work}{}% 2
\BOOKMARK [1][-]{section.3}{Method}{}% 3
\BOOKMARK [2][-]{subsection.3.1}{Datasets}{section.3}% 4
\BOOKMARK [2][-]{subsection.3.2}{Pre-processing}{section.3}% 5
\BOOKMARK [2][-]{subsection.3.3}{Feature extraction}{section.3}% 6
\BOOKMARK [1][-]{section.4}{Classification Model}{}% 7
\BOOKMARK [2][-]{subsection.4.1}{Gaussian Mixture Model - Universal Background Model}{section.4}% 8
\BOOKMARK [2][-]{subsection.4.2}{Neural speaker recognition system}{section.4}% 9
\BOOKMARK [1][-]{section.5}{Generative Model}{}% 10
\BOOKMARK [2][-]{subsection.5.1}{WaveNet}{section.5}% 11
\BOOKMARK [2][-]{subsection.5.2}{SampleRNN}{section.5}% 12
\BOOKMARK [2][-]{subsection.5.3}{Wasserstein GANs}{section.5}% 13
\BOOKMARK [2][-]{subsection.5.4}{Adversarial attacks}{section.5}% 14
\BOOKMARK [1][-]{section.6}{Results on existing methods}{}% 15
\BOOKMARK [2][-]{subsection.6.1}{WaveNet}{section.6}% 16
\BOOKMARK [2][-]{subsection.6.2}{sampleRNN}{section.6}% 17
\BOOKMARK [1][-]{section.7}{Results on adversarial methods}{}% 18
\BOOKMARK [2][-]{subsection.7.1}{GAN Mel-Spectrogram Results}{section.7}% 19
\BOOKMARK [2][-]{subsection.7.2}{Adversarial attacks}{section.7}% 20
\BOOKMARK [3][-]{subsubsection.7.2.1}{Untargeted attacks}{subsection.7.2}% 21
\BOOKMARK [3][-]{subsubsection.7.2.2}{Targeted attacks}{subsection.7.2}% 22
\BOOKMARK [1][-]{section.8}{Discussion and Conclusion}{}% 23
